
bin/dev.obj:     file format pe-x86-64

Contents of the .debug_info section:

  Compilation Unit @ offset 0x0:
   Length:        0xdc (32-bit)
   Version:       3
   Abbrev Offset: 0x0
   Pointer Size:  8
 <0><b>: Abbrev Number: 1 (DW_TAG_compile_unit)
    <c>   DW_AT_producer    : BTB Compiler 0.2.0
    <1f>   DW_AT_name        : dev.btb
    <27>   DW_AT_comp_dir    : C:/Users/datao/Desktop/Backup/CodeProjects/BetterThanBatch/examples
    <6b>   DW_AT_low_pc      : 0x0
    <73>   DW_AT_high_pc     : 0x82
    <7b>   DW_AT_stmt_list   : 0x0
 <1><7f>: Abbrev Number: 5 (DW_TAG_base_type)
    <80>   DW_AT_name        : i32
    <84>   DW_AT_byte_size   : 4
    <85>   DW_AT_encoding    : 5	(signed)
 <1><86>: Abbrev Number: 2 (DW_TAG_subprogram)
    <87>   DW_AT_external    : 0
    <88>   DW_AT_name        : main
    <8d>   DW_AT_decl_file   : 1
    <8f>   DW_AT_decl_line   : 17
    <91>   DW_AT_decl_column : 1
    <93>   DW_AT_low_pc      : 0x0
    <9b>   DW_AT_high_pc     : 0x82
    <a3>   DW_AT_frame_base  : 1 byte block: 9c 	(DW_OP_call_frame_cfa)
    <a5>   DW_AT_sibling     : <0xdf>
 <2><a9>: Abbrev Number: 3 (DW_TAG_variable)
    <aa>   DW_AT_name        : used
    <af>   DW_AT_decl_file   : 1
    <b1>   DW_AT_decl_line   : 1
    <b3>   DW_AT_decl_column : 1
    <b5>   DW_AT_type        : <0x7f>
    <b9>   DW_AT_location    : 2 byte block: 91 68 	(DW_OP_fbreg: -24)
 <2><bc>: Abbrev Number: 12 (DW_TAG_lexical_block)
    <bd>   DW_AT_low_pc      : 0x3c
    <c5>   DW_AT_high_pc     : 0x73
 <3><cd>: Abbrev Number: 3 (DW_TAG_variable)
    <ce>   DW_AT_name        : n
    <d0>   DW_AT_decl_file   : 1
    <d2>   DW_AT_decl_line   : 1
    <d4>   DW_AT_decl_column : 1
    <d6>   DW_AT_type        : <0x7f>
    <da>   DW_AT_location    : 2 byte block: 91 60 	(DW_OP_fbreg: -32)
 <3><dd>: Abbrev Number: 0
 <2><de>: Abbrev Number: 0
 <1><df>: Abbrev Number: 0

Raw dump of debug contents of section .debug_line:

  Offset:                      0x0
  Length:                      135
  DWARF Version:               3
  Prologue Length:             98
  Minimum Instruction Length:  1
  Initial value of 'is_stmt':  1
  Line Base:                   -5
  Line Range:                  10
  Opcode Base:                 13

 Opcodes:
  Opcode 1 has 0 args
  Opcode 2 has 1 arg
  Opcode 3 has 1 arg
  Opcode 4 has 1 arg
  Opcode 5 has 1 arg
  Opcode 6 has 0 args
  Opcode 7 has 0 args
  Opcode 8 has 0 args
  Opcode 9 has 1 arg
  Opcode 10 has 0 args
  Opcode 11 has 0 args
  Opcode 12 has 1 arg

 The Directory Table (offset 0x1b):
  1	C:/Users/datao/Desktop/Backup/CodeProjects/BetterThanBatch/examples

 The File Name Table (offset 0x60):
  Entry	Dir	Time	Size	Name
  1	1	0	0	dev.btb

 Line Number Statements:
  [0x0000006c]  Set column to 1
  [0x0000006e]  Extended opcode 2: set Address to 0x0
  [0x00000079]  Set File Name to entry 1 in the File Name Table
  [0x0000007b]  Advance Line by 16 to 17
  [0x0000007d]  Copy
  [0x0000007e]  Special opcode 55: advance Address by 5 to 0x5 and Line by 0 to 17
  [0x0000007f]  Special opcode 207: advance Address by 20 to 0x19 and Line by 2 to 19
  [0x00000080]  Advance PC by 35 to 0x3c
  [0x00000082]  Advance Line by 1 to 20
  [0x00000084]  Copy
  [0x00000085]  Special opcode 207: advance Address by 20 to 0x50 and Line by 2 to 22
  [0x00000086]  Advance PC by 50 to 0x82
  [0x00000088]  Extended opcode 1: End of Sequence


Contents of the .debug_abbrev section:

  Number TAG (0x0)
   1      DW_TAG_compile_unit    [has children]
    DW_AT_producer     DW_FORM_string
    DW_AT_name         DW_FORM_string
    DW_AT_comp_dir     DW_FORM_string
    DW_AT_low_pc       DW_FORM_addr
    DW_AT_high_pc      DW_FORM_addr
    DW_AT_stmt_list    DW_FORM_data4
    DW_AT value: 0     DW_FORM value: 0
   2      DW_TAG_subprogram    [has children]
    DW_AT_external     DW_FORM_flag
    DW_AT_name         DW_FORM_string
    DW_AT_decl_file    DW_FORM_data2
    DW_AT_decl_line    DW_FORM_data2
    DW_AT_decl_column  DW_FORM_data2
    DW_AT_low_pc       DW_FORM_addr
    DW_AT_high_pc      DW_FORM_addr
    DW_AT_frame_base   DW_FORM_block1
    DW_AT_sibling      DW_FORM_ref4
    DW_AT value: 0     DW_FORM value: 0
   3      DW_TAG_variable    [no children]
    DW_AT_name         DW_FORM_string
    DW_AT_decl_file    DW_FORM_data2
    DW_AT_decl_line    DW_FORM_data2
    DW_AT_decl_column  DW_FORM_data2
    DW_AT_type         DW_FORM_ref4
    DW_AT_location     DW_FORM_block1
    DW_AT value: 0     DW_FORM value: 0
   4      DW_TAG_formal_parameter    [no children]
    DW_AT_name         DW_FORM_string
    DW_AT_decl_file    DW_FORM_data2
    DW_AT_decl_line    DW_FORM_data2
    DW_AT_decl_column  DW_FORM_data2
    DW_AT_type         DW_FORM_ref4
    DW_AT_location     DW_FORM_block1
    DW_AT value: 0     DW_FORM value: 0
   5      DW_TAG_base_type    [no children]
    DW_AT_name         DW_FORM_string
    DW_AT_byte_size    DW_FORM_data1
    DW_AT_encoding     DW_FORM_data1
    DW_AT value: 0     DW_FORM value: 0
   6      DW_TAG_pointer_type    [no children]
    DW_AT_byte_size    DW_FORM_data1
    DW_AT_type         DW_FORM_ref4
    DW_AT value: 0     DW_FORM value: 0
   7      DW_TAG_structure_type    [has children]
    DW_AT_name         DW_FORM_string
    DW_AT_byte_size    DW_FORM_data2
    DW_AT_sibling      DW_FORM_ref4
    DW_AT value: 0     DW_FORM value: 0
   8      DW_TAG_member    [no children]
    DW_AT_name         DW_FORM_string
    DW_AT_type         DW_FORM_ref4
    DW_AT_data_member_location DW_FORM_data2
    DW_AT value: 0     DW_FORM value: 0
   9      DW_TAG_enumeration_type    [has children]
    DW_AT_name         DW_FORM_string
    DW_AT_byte_size    DW_FORM_data1
    DW_AT_type         DW_FORM_ref4
    DW_AT_sibling      DW_FORM_ref4
    DW_AT value: 0     DW_FORM value: 0
   10      DW_TAG_enumerator    [no children]
    DW_AT_name         DW_FORM_string
    DW_AT_const_value  DW_FORM_data8
    DW_AT value: 0     DW_FORM value: 0
   11      DW_TAG_enumerator    [no children]
    DW_AT_name         DW_FORM_string
    DW_AT_const_value  DW_FORM_data4
    DW_AT value: 0     DW_FORM value: 0
   12      DW_TAG_lexical_block    [has children]
    DW_AT_low_pc       DW_FORM_addr
    DW_AT_high_pc      DW_FORM_addr
    DW_AT value: 0     DW_FORM value: 0

Contents of the .debug_aranges section:

  Length:                   44
  Version:                  2
  Offset into .debug_info:  0x0
  Pointer Size:             8
  Segment Size:             0

    Address            Length
    0000000000000000 0000000000000082 
    0000000000000000 0000000000000000 

Contents of the .debug_frame section:


00000000 0000000000000014 ffffffff CIE
  Version:               3
  Augmentation:          ""
  Code alignment factor: 1
  Data alignment factor: -8
  Return address column: 16

  DW_CFA_def_cfa: r7 (rsp) ofs 8
  DW_CFA_offset: r16 (rip) at cfa-8
  DW_CFA_nop
  DW_CFA_nop
  DW_CFA_nop
  DW_CFA_nop
  DW_CFA_nop
  DW_CFA_nop

00000018 0000000000000034 00000000 FDE cie=00000000 pc=0000000000000000..0000000000000082
  DW_CFA_advance_loc4: 2 to 0000000000000002
  DW_CFA_def_cfa_offset: 16
  DW_CFA_offset: r6 (rbp) at cfa-16
  DW_CFA_advance_loc4: 3 to 0000000000000005
  DW_CFA_def_cfa_register: r6 (rbp)
  DW_CFA_advance_loc4: 125 to 0000000000000082
  DW_CFA_restore: r6 (rbp)
  DW_CFA_def_cfa: r7 (rsp) ofs 8
  DW_CFA_nop
  DW_CFA_nop
  DW_CFA_nop
  DW_CFA_nop
  DW_CFA_nop
  DW_CFA_nop
  DW_CFA_nop

