Microsoft (R) COFF/PE Dumper Version 14.36.32535.0
Copyright (C) Microsoft Corporation.  All rights reserved.


Dump of file bin\obj_min.obj

File Type: COFF OBJECT

FILE HEADER VALUES
            8664 machine (x64)
               1 number of sections
        64BD6EF4 time date stamp Sun Jul 23 20:18:28 2023
              5A file pointer to symbol table
               2 number of symbols
               0 size of optional header
               0 characteristics

SECTION HEADER #1
   .text name
       0 physical address
       0 virtual address
      14 size of raw data
      3C file pointer to raw data (0000003C to 0000004F)
      50 file pointer to relocation table
       0 file pointer to line numbers
       1 number of relocations
       0 number of line numbers
60500020 flags
         Code
         16 byte align
         Execute Read

RAW DATA #1
  00000000: 48 83 EC 28 FF 15 00 00 00 00 B8 DF 03 00 00 48  H.ì(ÿ.....¸ß...H
  00000010: 83 C4 28 C3                                      .Ä(Ã

RELOCATIONS #1
                                                Symbol    Symbol
 Offset    Type              Applied To         Index     Name
 --------  ----------------  -----------------  --------  ------
 00000006  REL32                      00000000         0  __imp_printme

COFF SYMBOL TABLE
000 00000000 UNDEF  notype       External     | __imp_printme
001 00000000 SECT1  notype ()    External     | main

String Table Size = 0x2B bytes

  Summary

          14 .text
